{"D:\\Рабочий стол\\Study\\For myself\\js\\Яндекс Практикум\\React-Burger\\src\\store.ts": {"path":"D:\\Рабочий стол\\Study\\For myself\\js\\Яндекс Практикум\\React-Burger\\src\\store.ts","statementMap":{"0":{"start":{"line":23,"column":17},"end":{"line":31,"column":1}},"1":{"start":{"line":32,"column":21},"end":{"line":32,"column":55}},"2":{"start":{"line":55,"column":46},"end":{"line":55,"column":58}},"3":{"start":{"line":56,"column":60},"end":{"line":56,"column":72}}},"fnMap":{},"branchMap":{},"s":{"0":0,"1":0,"2":0,"3":0},"f":{},"b":{}}
,"D:\\Рабочий стол\\Study\\For myself\\js\\Яндекс Практикум\\React-Burger\\src\\services\\actions\\burger-constructor-action.ts": {"path":"D:\\Рабочий стол\\Study\\For myself\\js\\Яндекс Практикум\\React-Burger\\src\\services\\actions\\burger-constructor-action.ts","statementMap":{"0":{"start":{"line":4,"column":4},"end":{"line":4,"column":35}},"1":{"start":{"line":6,"column":4},"end":{"line":6,"column":40}},"2":{"start":{"line":8,"column":4},"end":{"line":8,"column":31}},"3":{"start":{"line":9,"column":56},"end":{"line":9,"column":76}}},"fnMap":{},"branchMap":{},"s":{"0":1,"1":1,"2":1,"3":1},"f":{},"b":{},"_coverageSchema":"1a1c01bbd47fc00a2c39e90264f33305004495a9","hash":"82223fc33541ce239c4d81ee311ef7a044797bd9"}
,"D:\\Рабочий стол\\Study\\For myself\\js\\Яндекс Практикум\\React-Burger\\src\\services\\actions\\order-info-action.ts": {"path":"D:\\Рабочий стол\\Study\\For myself\\js\\Яндекс Практикум\\React-Burger\\src\\services\\actions\\order-info-action.ts","statementMap":{"0":{"start":{"line":1,"column":50},"end":{"line":1,"column":67}},"1":{"start":{"line":2,"column":51},"end":{"line":2,"column":68}}},"fnMap":{},"branchMap":{},"s":{"0":1,"1":1},"f":{},"b":{},"_coverageSchema":"1a1c01bbd47fc00a2c39e90264f33305004495a9","hash":"4ce0be9479d77adf4d55c23e8907ef851bf0957f"}
,"D:\\Рабочий стол\\Study\\For myself\\js\\Яндекс Практикум\\React-Burger\\src\\services\\actions\\auth-action\\auth-action.ts": {"path":"D:\\Рабочий стол\\Study\\For myself\\js\\Яндекс Практикум\\React-Burger\\src\\services\\actions\\auth-action\\auth-action.ts","statementMap":{"0":{"start":{"line":3,"column":34},"end":{"line":3,"column":43}},"1":{"start":{"line":4,"column":50},"end":{"line":4,"column":67}},"2":{"start":{"line":5,"column":48},"end":{"line":5,"column":64}},"3":{"start":{"line":6,"column":36},"end":{"line":6,"column":46}},"4":{"start":{"line":7,"column":42},"end":{"line":7,"column":55}},"5":{"start":{"line":9,"column":4},"end":{"line":9,"column":28}}},"fnMap":{},"branchMap":{},"s":{"0":1,"1":1,"2":1,"3":1,"4":1,"5":1},"f":{},"b":{},"_coverageSchema":"1a1c01bbd47fc00a2c39e90264f33305004495a9","hash":"2533b3750324a62641b98f91ce824d319be26074"}
,"D:\\Рабочий стол\\Study\\For myself\\js\\Яндекс Практикум\\React-Burger\\src\\services\\actions\\auth-action\\auth-thunk.ts": {"path":"D:\\Рабочий стол\\Study\\For myself\\js\\Яндекс Практикум\\React-Burger\\src\\services\\actions\\auth-action\\auth-thunk.ts","statementMap":{"0":{"start":{"line":13,"column":27},"end":{"line":38,"column":1}},"1":{"start":{"line":13,"column":33},"end":{"line":38,"column":1}},"2":{"start":{"line":14,"column":4},"end":{"line":16,"column":6}},"3":{"start":{"line":17,"column":20},"end":{"line":23,"column":5}},"4":{"start":{"line":24,"column":4},"end":{"line":37,"column":9}},"5":{"start":{"line":26,"column":12},"end":{"line":31,"column":13}},"6":{"start":{"line":27,"column":16},"end":{"line":30,"column":18}},"7":{"start":{"line":34,"column":12},"end":{"line":36,"column":14}},"8":{"start":{"line":40,"column":29},"end":{"line":55,"column":1}},"9":{"start":{"line":40,"column":35},"end":{"line":55,"column":1}},"10":{"start":{"line":41,"column":4},"end":{"line":43,"column":6}},"11":{"start":{"line":44,"column":4},"end":{"line":54,"column":5}},"12":{"start":{"line":45,"column":8},"end":{"line":51,"column":59}},"13":{"start":{"line":47,"column":16},"end":{"line":47,"column":54}},"14":{"start":{"line":48,"column":16},"end":{"line":48,"column":55}},"15":{"start":{"line":49,"column":16},"end":{"line":49,"column":56}},"16":{"start":{"line":51,"column":27},"end":{"line":51,"column":58}},"17":{"start":{"line":53,"column":8},"end":{"line":53,"column":39}},"18":{"start":{"line":58,"column":4},"end":{"line":96,"column":5}},"19":{"start":{"line":59,"column":4},"end":{"line":96,"column":5}},"20":{"start":{"line":60,"column":8},"end":{"line":62,"column":10}},"21":{"start":{"line":63,"column":24},"end":{"line":70,"column":9}},"22":{"start":{"line":71,"column":8},"end":{"line":95,"column":13}},"23":{"start":{"line":73,"column":16},"end":{"line":89,"column":17}},"24":{"start":{"line":74,"column":20},"end":{"line":77,"column":21}},"25":{"start":{"line":78,"column":20},"end":{"line":78,"column":74}},"26":{"start":{"line":79,"column":20},"end":{"line":88,"column":21}},"27":{"start":{"line":80,"column":37},"end":{"line":83,"column":25}},"28":{"start":{"line":84,"column":24},"end":{"line":87,"column":26}},"29":{"start":{"line":92,"column":16},"end":{"line":94,"column":18}},"30":{"start":{"line":99,"column":4},"end":{"line":137,"column":5}},"31":{"start":{"line":100,"column":4},"end":{"line":137,"column":5}},"32":{"start":{"line":101,"column":8},"end":{"line":103,"column":10}},"33":{"start":{"line":104,"column":24},"end":{"line":111,"column":9}},"34":{"start":{"line":112,"column":8},"end":{"line":136,"column":13}},"35":{"start":{"line":114,"column":16},"end":{"line":130,"column":17}},"36":{"start":{"line":115,"column":20},"end":{"line":118,"column":21}},"37":{"start":{"line":119,"column":20},"end":{"line":119,"column":74}},"38":{"start":{"line":120,"column":20},"end":{"line":129,"column":21}},"39":{"start":{"line":121,"column":37},"end":{"line":124,"column":25}},"40":{"start":{"line":125,"column":24},"end":{"line":128,"column":26}},"41":{"start":{"line":133,"column":16},"end":{"line":135,"column":18}},"42":{"start":{"line":140,"column":4},"end":{"line":170,"column":5}},"43":{"start":{"line":141,"column":4},"end":{"line":170,"column":5}},"44":{"start":{"line":142,"column":8},"end":{"line":144,"column":10}},"45":{"start":{"line":145,"column":24},"end":{"line":154,"column":9}},"46":{"start":{"line":155,"column":8},"end":{"line":167,"column":13}},"47":{"start":{"line":157,"column":16},"end":{"line":161,"column":22}},"48":{"start":{"line":158,"column":20},"end":{"line":161,"column":22}},"49":{"start":{"line":164,"column":16},"end":{"line":166,"column":18}},"50":{"start":{"line":168,"column":8},"end":{"line":168,"column":46}},"51":{"start":{"line":169,"column":8},"end":{"line":169,"column":47}},"52":{"start":{"line":173,"column":4},"end":{"line":196,"column":5}},"53":{"start":{"line":173,"column":23},"end":{"line":196,"column":5}},"54":{"start":{"line":174,"column":8},"end":{"line":176,"column":10}},"55":{"start":{"line":177,"column":24},"end":{"line":184,"column":9}},"56":{"start":{"line":185,"column":8},"end":{"line":195,"column":13}},"57":{"start":{"line":187,"column":16},"end":{"line":189,"column":18}},"58":{"start":{"line":192,"column":16},"end":{"line":194,"column":18}},"59":{"start":{"line":199,"column":4},"end":{"line":227,"column":5}},"60":{"start":{"line":200,"column":4},"end":{"line":227,"column":5}},"61":{"start":{"line":201,"column":8},"end":{"line":203,"column":10}},"62":{"start":{"line":204,"column":24},"end":{"line":211,"column":9}},"63":{"start":{"line":212,"column":8},"end":{"line":226,"column":13}},"64":{"start":{"line":214,"column":16},"end":{"line":216,"column":18}},"65":{"start":{"line":217,"column":16},"end":{"line":220,"column":18}},"66":{"start":{"line":223,"column":16},"end":{"line":225,"column":18}},"67":{"start":{"line":230,"column":4},"end":{"line":257,"column":5}},"68":{"start":{"line":231,"column":4},"end":{"line":257,"column":5}},"69":{"start":{"line":232,"column":8},"end":{"line":234,"column":10}},"70":{"start":{"line":235,"column":24},"end":{"line":242,"column":9}},"71":{"start":{"line":243,"column":8},"end":{"line":256,"column":13}},"72":{"start":{"line":245,"column":16},"end":{"line":250,"column":17}},"73":{"start":{"line":246,"column":20},"end":{"line":249,"column":22}},"74":{"start":{"line":253,"column":16},"end":{"line":255,"column":18}}},"fnMap":{"0":{"name":"(anonymous_0)","decl":{"start":{"line":13,"column":27},"end":{"line":13,"column":28}},"loc":{"start":{"line":13,"column":33},"end":{"line":38,"column":1}},"line":13},"1":{"name":"(anonymous_1)","decl":{"start":{"line":13,"column":33},"end":{"line":13,"column":34}},"loc":{"start":{"line":13,"column":66},"end":{"line":38,"column":1}},"line":13},"2":{"name":"(anonymous_2)","decl":{"start":{"line":25,"column":14},"end":{"line":25,"column":15}},"loc":{"start":{"line":25,"column":23},"end":{"line":32,"column":9}},"line":25},"3":{"name":"(anonymous_3)","decl":{"start":{"line":33,"column":15},"end":{"line":33,"column":16}},"loc":{"start":{"line":34,"column":12},"end":{"line":36,"column":14}},"line":34},"4":{"name":"(anonymous_4)","decl":{"start":{"line":40,"column":29},"end":{"line":40,"column":30}},"loc":{"start":{"line":40,"column":35},"end":{"line":55,"column":1}},"line":40},"5":{"name":"(anonymous_5)","decl":{"start":{"line":40,"column":35},"end":{"line":40,"column":36}},"loc":{"start":{"line":40,"column":62},"end":{"line":55,"column":1}},"line":40},"6":{"name":"(anonymous_6)","decl":{"start":{"line":46,"column":19},"end":{"line":46,"column":20}},"loc":{"start":{"line":46,"column":25},"end":{"line":50,"column":13}},"line":46},"7":{"name":"(anonymous_7)","decl":{"start":{"line":51,"column":21},"end":{"line":51,"column":22}},"loc":{"start":{"line":51,"column":27},"end":{"line":51,"column":58}},"line":51},"8":{"name":"(anonymous_8)","decl":{"start":{"line":58,"column":4},"end":{"line":58,"column":5}},"loc":{"start":{"line":59,"column":4},"end":{"line":96,"column":5}},"line":59},"9":{"name":"(anonymous_9)","decl":{"start":{"line":59,"column":4},"end":{"line":59,"column":5}},"loc":{"start":{"line":59,"column":52},"end":{"line":96,"column":5}},"line":59},"10":{"name":"(anonymous_10)","decl":{"start":{"line":72,"column":18},"end":{"line":72,"column":19}},"loc":{"start":{"line":72,"column":27},"end":{"line":90,"column":13}},"line":72},"11":{"name":"(anonymous_11)","decl":{"start":{"line":91,"column":19},"end":{"line":91,"column":20}},"loc":{"start":{"line":92,"column":16},"end":{"line":94,"column":18}},"line":92},"12":{"name":"(anonymous_12)","decl":{"start":{"line":99,"column":4},"end":{"line":99,"column":5}},"loc":{"start":{"line":100,"column":4},"end":{"line":137,"column":5}},"line":100},"13":{"name":"(anonymous_13)","decl":{"start":{"line":100,"column":4},"end":{"line":100,"column":5}},"loc":{"start":{"line":100,"column":37},"end":{"line":137,"column":5}},"line":100},"14":{"name":"(anonymous_14)","decl":{"start":{"line":113,"column":18},"end":{"line":113,"column":19}},"loc":{"start":{"line":113,"column":27},"end":{"line":131,"column":13}},"line":113},"15":{"name":"(anonymous_15)","decl":{"start":{"line":132,"column":19},"end":{"line":132,"column":20}},"loc":{"start":{"line":133,"column":16},"end":{"line":135,"column":18}},"line":133},"16":{"name":"(anonymous_16)","decl":{"start":{"line":140,"column":4},"end":{"line":140,"column":5}},"loc":{"start":{"line":141,"column":4},"end":{"line":170,"column":5}},"line":141},"17":{"name":"(anonymous_17)","decl":{"start":{"line":141,"column":4},"end":{"line":141,"column":5}},"loc":{"start":{"line":141,"column":52},"end":{"line":170,"column":5}},"line":141},"18":{"name":"(anonymous_18)","decl":{"start":{"line":156,"column":18},"end":{"line":156,"column":19}},"loc":{"start":{"line":156,"column":27},"end":{"line":162,"column":13}},"line":156},"19":{"name":"(anonymous_19)","decl":{"start":{"line":163,"column":19},"end":{"line":163,"column":20}},"loc":{"start":{"line":164,"column":16},"end":{"line":166,"column":18}},"line":164},"20":{"name":"(anonymous_20)","decl":{"start":{"line":173,"column":4},"end":{"line":173,"column":5}},"loc":{"start":{"line":173,"column":23},"end":{"line":196,"column":5}},"line":173},"21":{"name":"(anonymous_21)","decl":{"start":{"line":173,"column":23},"end":{"line":173,"column":24}},"loc":{"start":{"line":173,"column":56},"end":{"line":196,"column":5}},"line":173},"22":{"name":"(anonymous_22)","decl":{"start":{"line":186,"column":18},"end":{"line":186,"column":19}},"loc":{"start":{"line":186,"column":24},"end":{"line":190,"column":13}},"line":186},"23":{"name":"(anonymous_23)","decl":{"start":{"line":191,"column":19},"end":{"line":191,"column":20}},"loc":{"start":{"line":192,"column":16},"end":{"line":194,"column":18}},"line":192},"24":{"name":"(anonymous_24)","decl":{"start":{"line":199,"column":4},"end":{"line":199,"column":5}},"loc":{"start":{"line":200,"column":4},"end":{"line":227,"column":5}},"line":200},"25":{"name":"(anonymous_25)","decl":{"start":{"line":200,"column":4},"end":{"line":200,"column":5}},"loc":{"start":{"line":200,"column":37},"end":{"line":227,"column":5}},"line":200},"26":{"name":"(anonymous_26)","decl":{"start":{"line":213,"column":18},"end":{"line":213,"column":19}},"loc":{"start":{"line":213,"column":27},"end":{"line":221,"column":13}},"line":213},"27":{"name":"(anonymous_27)","decl":{"start":{"line":222,"column":19},"end":{"line":222,"column":20}},"loc":{"start":{"line":223,"column":16},"end":{"line":225,"column":18}},"line":223},"28":{"name":"(anonymous_28)","decl":{"start":{"line":230,"column":4},"end":{"line":230,"column":5}},"loc":{"start":{"line":231,"column":4},"end":{"line":257,"column":5}},"line":231},"29":{"name":"(anonymous_29)","decl":{"start":{"line":231,"column":4},"end":{"line":231,"column":5}},"loc":{"start":{"line":231,"column":37},"end":{"line":257,"column":5}},"line":231},"30":{"name":"(anonymous_30)","decl":{"start":{"line":244,"column":18},"end":{"line":244,"column":19}},"loc":{"start":{"line":244,"column":27},"end":{"line":251,"column":13}},"line":244},"31":{"name":"(anonymous_31)","decl":{"start":{"line":252,"column":19},"end":{"line":252,"column":20}},"loc":{"start":{"line":253,"column":16},"end":{"line":255,"column":18}},"line":253}},"branchMap":{"0":{"loc":{"start":{"line":26,"column":12},"end":{"line":31,"column":13}},"type":"if","locations":[{"start":{"line":26,"column":12},"end":{"line":31,"column":13}},{"start":{},"end":{}}],"line":26},"1":{"loc":{"start":{"line":26,"column":16},"end":{"line":26,"column":34}},"type":"binary-expr","locations":[{"start":{"line":26,"column":16},"end":{"line":26,"column":19}},{"start":{"line":26,"column":23},"end":{"line":26,"column":34}}],"line":26},"2":{"loc":{"start":{"line":44,"column":4},"end":{"line":54,"column":5}},"type":"if","locations":[{"start":{"line":44,"column":4},"end":{"line":54,"column":5}},{"start":{"line":52,"column":11},"end":{"line":54,"column":5}}],"line":44},"3":{"loc":{"start":{"line":73,"column":16},"end":{"line":89,"column":17}},"type":"if","locations":[{"start":{"line":73,"column":16},"end":{"line":89,"column":17}},{"start":{},"end":{}}],"line":73},"4":{"loc":{"start":{"line":73,"column":20},"end":{"line":73,"column":38}},"type":"binary-expr","locations":[{"start":{"line":73,"column":20},"end":{"line":73,"column":23}},{"start":{"line":73,"column":27},"end":{"line":73,"column":38}}],"line":73},"5":{"loc":{"start":{"line":79,"column":20},"end":{"line":88,"column":21}},"type":"if","locations":[{"start":{"line":79,"column":20},"end":{"line":88,"column":21}},{"start":{},"end":{}}],"line":79},"6":{"loc":{"start":{"line":114,"column":16},"end":{"line":130,"column":17}},"type":"if","locations":[{"start":{"line":114,"column":16},"end":{"line":130,"column":17}},{"start":{},"end":{}}],"line":114},"7":{"loc":{"start":{"line":114,"column":20},"end":{"line":114,"column":38}},"type":"binary-expr","locations":[{"start":{"line":114,"column":20},"end":{"line":114,"column":23}},{"start":{"line":114,"column":27},"end":{"line":114,"column":38}}],"line":114},"8":{"loc":{"start":{"line":120,"column":20},"end":{"line":129,"column":21}},"type":"if","locations":[{"start":{"line":120,"column":20},"end":{"line":129,"column":21}},{"start":{},"end":{}}],"line":120},"9":{"loc":{"start":{"line":157,"column":16},"end":{"line":161,"column":22}},"type":"if","locations":[{"start":{"line":157,"column":16},"end":{"line":161,"column":22}},{"start":{},"end":{}}],"line":157},"10":{"loc":{"start":{"line":157,"column":20},"end":{"line":157,"column":38}},"type":"binary-expr","locations":[{"start":{"line":157,"column":20},"end":{"line":157,"column":23}},{"start":{"line":157,"column":27},"end":{"line":157,"column":38}}],"line":157},"11":{"loc":{"start":{"line":245,"column":16},"end":{"line":250,"column":17}},"type":"if","locations":[{"start":{"line":245,"column":16},"end":{"line":250,"column":17}},{"start":{},"end":{}}],"line":245},"12":{"loc":{"start":{"line":245,"column":20},"end":{"line":245,"column":38}},"type":"binary-expr","locations":[{"start":{"line":245,"column":20},"end":{"line":245,"column":23}},{"start":{"line":245,"column":27},"end":{"line":245,"column":38}}],"line":245}},"s":{"0":1,"1":2,"2":2,"3":2,"4":2,"5":1,"6":1,"7":1,"8":1,"9":0,"10":0,"11":0,"12":0,"13":0,"14":0,"15":0,"16":0,"17":0,"18":1,"19":2,"20":2,"21":2,"22":2,"23":1,"24":1,"25":1,"26":1,"27":1,"28":1,"29":1,"30":1,"31":2,"32":2,"33":2,"34":2,"35":1,"36":1,"37":1,"38":1,"39":1,"40":1,"41":1,"42":1,"43":2,"44":2,"45":2,"46":2,"47":1,"48":1,"49":1,"50":2,"51":2,"52":1,"53":2,"54":2,"55":2,"56":2,"57":1,"58":1,"59":1,"60":2,"61":2,"62":2,"63":2,"64":1,"65":1,"66":1,"67":1,"68":2,"69":2,"70":2,"71":2,"72":1,"73":1,"74":1},"f":{"0":2,"1":2,"2":1,"3":1,"4":0,"5":0,"6":0,"7":0,"8":2,"9":2,"10":1,"11":1,"12":2,"13":2,"14":1,"15":1,"16":2,"17":2,"18":1,"19":1,"20":2,"21":2,"22":1,"23":1,"24":2,"25":2,"26":1,"27":1,"28":2,"29":2,"30":1,"31":1},"b":{"0":[1,0],"1":[1,1],"2":[0,0],"3":[1,0],"4":[1,1],"5":[1,0],"6":[1,0],"7":[1,1],"8":[1,0],"9":[1,0],"10":[1,1],"11":[1,0],"12":[1,1]},"_coverageSchema":"1a1c01bbd47fc00a2c39e90264f33305004495a9","hash":"44e8b44661bb46cc5c3eb716deaeca7e0ef795ac"}
,"D:\\Рабочий стол\\Study\\For myself\\js\\Яндекс Практикум\\React-Burger\\src\\services\\actions\\ingredients-action\\ingredients-thunk.ts": {"path":"D:\\Рабочий стол\\Study\\For myself\\js\\Яндекс Практикум\\React-Burger\\src\\services\\actions\\ingredients-action\\ingredients-thunk.ts","statementMap":{"0":{"start":{"line":9,"column":36},"end":{"line":26,"column":1}},"1":{"start":{"line":9,"column":42},"end":{"line":26,"column":1}},"2":{"start":{"line":10,"column":4},"end":{"line":12,"column":6}},"3":{"start":{"line":13,"column":4},"end":{"line":25,"column":9}},"4":{"start":{"line":15,"column":12},"end":{"line":19,"column":18}},"5":{"start":{"line":16,"column":16},"end":{"line":19,"column":18}},"6":{"start":{"line":22,"column":12},"end":{"line":24,"column":14}}},"fnMap":{"0":{"name":"(anonymous_0)","decl":{"start":{"line":9,"column":36},"end":{"line":9,"column":37}},"loc":{"start":{"line":9,"column":42},"end":{"line":26,"column":1}},"line":9},"1":{"name":"(anonymous_1)","decl":{"start":{"line":9,"column":42},"end":{"line":9,"column":43}},"loc":{"start":{"line":9,"column":75},"end":{"line":26,"column":1}},"line":9},"2":{"name":"(anonymous_2)","decl":{"start":{"line":14,"column":14},"end":{"line":14,"column":15}},"loc":{"start":{"line":14,"column":23},"end":{"line":20,"column":9}},"line":14},"3":{"name":"(anonymous_3)","decl":{"start":{"line":21,"column":15},"end":{"line":21,"column":16}},"loc":{"start":{"line":22,"column":12},"end":{"line":24,"column":14}},"line":22}},"branchMap":{"0":{"loc":{"start":{"line":15,"column":12},"end":{"line":19,"column":18}},"type":"if","locations":[{"start":{"line":15,"column":12},"end":{"line":19,"column":18}},{"start":{},"end":{}}],"line":15},"1":{"loc":{"start":{"line":15,"column":16},"end":{"line":15,"column":34}},"type":"binary-expr","locations":[{"start":{"line":15,"column":16},"end":{"line":15,"column":19}},{"start":{"line":15,"column":23},"end":{"line":15,"column":34}}],"line":15}},"s":{"0":1,"1":2,"2":2,"3":2,"4":1,"5":1,"6":1},"f":{"0":2,"1":2,"2":1,"3":1},"b":{"0":[1,0],"1":[1,1]},"_coverageSchema":"1a1c01bbd47fc00a2c39e90264f33305004495a9","hash":"135b6cb0625e2a3fa223ae3293e81706d6a24d35"}
,"D:\\Рабочий стол\\Study\\For myself\\js\\Яндекс Практикум\\React-Burger\\src\\services\\actions\\order-action\\order-action.ts": {"path":"D:\\Рабочий стол\\Study\\For myself\\js\\Яндекс Практикум\\React-Burger\\src\\services\\actions\\order-action\\order-action.ts","statementMap":{"0":{"start":{"line":2,"column":54},"end":{"line":2,"column":73}},"1":{"start":{"line":3,"column":54},"end":{"line":3,"column":73}},"2":{"start":{"line":4,"column":52},"end":{"line":4,"column":70}},"3":{"start":{"line":6,"column":4},"end":{"line":6,"column":27}}},"fnMap":{},"branchMap":{},"s":{"0":1,"1":1,"2":1,"3":1},"f":{},"b":{},"_coverageSchema":"1a1c01bbd47fc00a2c39e90264f33305004495a9","hash":"e1fdf4cd4a22f3f66f626b569ce5c87a8ddcbc0f"}
,"D:\\Рабочий стол\\Study\\For myself\\js\\Яндекс Практикум\\React-Burger\\src\\services\\actions\\order-action\\order-thunk.ts": {"path":"D:\\Рабочий стол\\Study\\For myself\\js\\Яндекс Практикум\\React-Burger\\src\\services\\actions\\order-action\\order-thunk.ts","statementMap":{"0":{"start":{"line":10,"column":4},"end":{"line":28,"column":5}},"1":{"start":{"line":11,"column":4},"end":{"line":28,"column":5}},"2":{"start":{"line":12,"column":8},"end":{"line":14,"column":10}},"3":{"start":{"line":15,"column":8},"end":{"line":27,"column":14}},"4":{"start":{"line":17,"column":16},"end":{"line":21,"column":22}},"5":{"start":{"line":18,"column":20},"end":{"line":21,"column":22}},"6":{"start":{"line":24,"column":16},"end":{"line":26,"column":18}}},"fnMap":{"0":{"name":"(anonymous_0)","decl":{"start":{"line":10,"column":4},"end":{"line":10,"column":5}},"loc":{"start":{"line":11,"column":4},"end":{"line":28,"column":5}},"line":11},"1":{"name":"(anonymous_1)","decl":{"start":{"line":11,"column":4},"end":{"line":11,"column":5}},"loc":{"start":{"line":11,"column":46},"end":{"line":28,"column":5}},"line":11},"2":{"name":"(anonymous_2)","decl":{"start":{"line":16,"column":18},"end":{"line":16,"column":19}},"loc":{"start":{"line":16,"column":27},"end":{"line":22,"column":13}},"line":16},"3":{"name":"(anonymous_3)","decl":{"start":{"line":23,"column":19},"end":{"line":23,"column":20}},"loc":{"start":{"line":23,"column":25},"end":{"line":27,"column":13}},"line":23}},"branchMap":{"0":{"loc":{"start":{"line":17,"column":16},"end":{"line":21,"column":22}},"type":"if","locations":[{"start":{"line":17,"column":16},"end":{"line":21,"column":22}},{"start":{},"end":{}}],"line":17},"1":{"loc":{"start":{"line":17,"column":20},"end":{"line":17,"column":38}},"type":"binary-expr","locations":[{"start":{"line":17,"column":20},"end":{"line":17,"column":23}},{"start":{"line":17,"column":27},"end":{"line":17,"column":38}}],"line":17}},"s":{"0":1,"1":2,"2":2,"3":2,"4":1,"5":1,"6":1},"f":{"0":2,"1":2,"2":1,"3":1},"b":{"0":[1,0],"1":[1,1]},"_coverageSchema":"1a1c01bbd47fc00a2c39e90264f33305004495a9","hash":"f65b33454c244ef76c8b500afe95e02d094812c1"}
,"D:\\Рабочий стол\\Study\\For myself\\js\\Яндекс Практикум\\React-Burger\\src\\services\\reducers\\WS-auth-reducer\\WS-auth-reducer.ts": {"path":"D:\\Рабочий стол\\Study\\For myself\\js\\Яндекс Практикум\\React-Burger\\src\\services\\reducers\\WS-auth-reducer\\WS-auth-reducer.ts","statementMap":{"0":{"start":{"line":15,"column":31},"end":{"line":18,"column":1}},"1":{"start":{"line":20,"column":29},"end":{"line":52,"column":1}},"2":{"start":{"line":25,"column":4},"end":{"line":51,"column":5}},"3":{"start":{"line":27,"column":12},"end":{"line":30,"column":13}},"4":{"start":{"line":33,"column":12},"end":{"line":36,"column":13}},"5":{"start":{"line":39,"column":12},"end":{"line":42,"column":13}},"6":{"start":{"line":45,"column":12},"end":{"line":48,"column":13}},"7":{"start":{"line":50,"column":12},"end":{"line":50,"column":24}}},"fnMap":{"0":{"name":"(anonymous_0)","decl":{"start":{"line":20,"column":29},"end":{"line":20,"column":30}},"loc":{"start":{"line":24,"column":15},"end":{"line":52,"column":1}},"line":24}},"branchMap":{"0":{"loc":{"start":{"line":22,"column":4},"end":{"line":22,"column":24}},"type":"default-arg","locations":[{"start":{"line":22,"column":12},"end":{"line":22,"column":24}}],"line":22},"1":{"loc":{"start":{"line":25,"column":4},"end":{"line":51,"column":5}},"type":"switch","locations":[{"start":{"line":26,"column":8},"end":{"line":30,"column":13}},{"start":{"line":32,"column":8},"end":{"line":36,"column":13}},{"start":{"line":38,"column":8},"end":{"line":42,"column":13}},{"start":{"line":44,"column":8},"end":{"line":48,"column":13}},{"start":{"line":49,"column":8},"end":{"line":50,"column":24}}],"line":25}},"s":{"0":0,"1":0,"2":0,"3":0,"4":0,"5":0,"6":0,"7":0},"f":{"0":0},"b":{"0":[0],"1":[0,0,0,0,0]}}
,"D:\\Рабочий стол\\Study\\For myself\\js\\Яндекс Практикум\\React-Burger\\src\\services\\reducers\\WS-reducer\\WS-reducer.ts": {"path":"D:\\Рабочий стол\\Study\\For myself\\js\\Яндекс Практикум\\React-Burger\\src\\services\\reducers\\WS-reducer\\WS-reducer.ts","statementMap":{"0":{"start":{"line":17,"column":31},"end":{"line":22,"column":1}},"1":{"start":{"line":24,"column":25},"end":{"line":58,"column":1}},"2":{"start":{"line":29,"column":4},"end":{"line":57,"column":5}},"3":{"start":{"line":31,"column":12},"end":{"line":34,"column":13}},"4":{"start":{"line":37,"column":12},"end":{"line":40,"column":13}},"5":{"start":{"line":43,"column":12},"end":{"line":46,"column":13}},"6":{"start":{"line":49,"column":12},"end":{"line":54,"column":13}},"7":{"start":{"line":56,"column":12},"end":{"line":56,"column":24}}},"fnMap":{"0":{"name":"(anonymous_0)","decl":{"start":{"line":24,"column":25},"end":{"line":24,"column":26}},"loc":{"start":{"line":28,"column":15},"end":{"line":58,"column":1}},"line":28}},"branchMap":{"0":{"loc":{"start":{"line":26,"column":4},"end":{"line":26,"column":24}},"type":"default-arg","locations":[{"start":{"line":26,"column":12},"end":{"line":26,"column":24}}],"line":26},"1":{"loc":{"start":{"line":29,"column":4},"end":{"line":57,"column":5}},"type":"switch","locations":[{"start":{"line":30,"column":8},"end":{"line":34,"column":13}},{"start":{"line":36,"column":8},"end":{"line":40,"column":13}},{"start":{"line":42,"column":8},"end":{"line":46,"column":13}},{"start":{"line":48,"column":8},"end":{"line":54,"column":13}},{"start":{"line":55,"column":8},"end":{"line":56,"column":24}}],"line":29}},"s":{"0":0,"1":0,"2":0,"3":0,"4":0,"5":0,"6":0,"7":0},"f":{"0":0},"b":{"0":[0],"1":[0,0,0,0,0]}}
,"D:\\Рабочий стол\\Study\\For myself\\js\\Яндекс Практикум\\React-Burger\\src\\services\\reducers\\auth-reducer\\auth-reducer.ts": {"path":"D:\\Рабочий стол\\Study\\For myself\\js\\Яндекс Практикум\\React-Burger\\src\\services\\reducers\\auth-reducer\\auth-reducer.ts","statementMap":{"0":{"start":{"line":20,"column":36},"end":{"line":26,"column":1}},"1":{"start":{"line":28,"column":27},"end":{"line":80,"column":1}},"2":{"start":{"line":33,"column":4},"end":{"line":79,"column":5}},"3":{"start":{"line":35,"column":12},"end":{"line":38,"column":13}},"4":{"start":{"line":41,"column":12},"end":{"line":47,"column":13}},"5":{"start":{"line":50,"column":12},"end":{"line":54,"column":13}},"6":{"start":{"line":57,"column":12},"end":{"line":62,"column":13}},"7":{"start":{"line":65,"column":12},"end":{"line":69,"column":13}},"8":{"start":{"line":72,"column":12},"end":{"line":75,"column":13}},"9":{"start":{"line":78,"column":12},"end":{"line":78,"column":24}}},"fnMap":{"0":{"name":"(anonymous_0)","decl":{"start":{"line":28,"column":27},"end":{"line":28,"column":28}},"loc":{"start":{"line":32,"column":13},"end":{"line":80,"column":1}},"line":32}},"branchMap":{"0":{"loc":{"start":{"line":30,"column":4},"end":{"line":30,"column":24}},"type":"default-arg","locations":[{"start":{"line":30,"column":12},"end":{"line":30,"column":24}}],"line":30},"1":{"loc":{"start":{"line":33,"column":4},"end":{"line":79,"column":5}},"type":"switch","locations":[{"start":{"line":34,"column":8},"end":{"line":39,"column":9}},{"start":{"line":40,"column":8},"end":{"line":48,"column":9}},{"start":{"line":49,"column":8},"end":{"line":55,"column":9}},{"start":{"line":56,"column":8},"end":{"line":63,"column":9}},{"start":{"line":64,"column":8},"end":{"line":70,"column":9}},{"start":{"line":71,"column":8},"end":{"line":76,"column":9}},{"start":{"line":77,"column":8},"end":{"line":78,"column":24}}],"line":33}},"s":{"0":1,"1":1,"2":48,"3":15,"4":4,"5":7,"6":2,"7":2,"8":0,"9":18},"f":{"0":48},"b":{"0":[2],"1":[15,4,7,2,2,0,18]},"_coverageSchema":"1a1c01bbd47fc00a2c39e90264f33305004495a9","hash":"4b034afb5c3526d46da439e2d7df38dde9d7af48"}
,"D:\\Рабочий стол\\Study\\For myself\\js\\Яндекс Практикум\\React-Burger\\src\\services\\reducers\\burger-constructor-reducer\\burger-constructor-reducer.ts": {"path":"D:\\Рабочий стол\\Study\\For myself\\js\\Яндекс Практикум\\React-Burger\\src\\services\\reducers\\burger-constructor-reducer\\burger-constructor-reducer.ts","statementMap":{"0":{"start":{"line":15,"column":36},"end":{"line":18,"column":1}},"1":{"start":{"line":20,"column":34},"end":{"line":60,"column":1}},"2":{"start":{"line":25,"column":4},"end":{"line":59,"column":5}},"3":{"start":{"line":27,"column":12},"end":{"line":33,"column":13}},"4":{"start":{"line":36,"column":12},"end":{"line":43,"column":13}},"5":{"start":{"line":40,"column":40},"end":{"line":40,"column":67}},"6":{"start":{"line":46,"column":12},"end":{"line":49,"column":13}},"7":{"start":{"line":52,"column":12},"end":{"line":55,"column":13}},"8":{"start":{"line":58,"column":12},"end":{"line":58,"column":24}}},"fnMap":{"0":{"name":"(anonymous_0)","decl":{"start":{"line":20,"column":34},"end":{"line":20,"column":35}},"loc":{"start":{"line":24,"column":13},"end":{"line":60,"column":1}},"line":24},"1":{"name":"(anonymous_1)","decl":{"start":{"line":40,"column":24},"end":{"line":40,"column":25}},"loc":{"start":{"line":40,"column":40},"end":{"line":40,"column":67}},"line":40}},"branchMap":{"0":{"loc":{"start":{"line":22,"column":4},"end":{"line":22,"column":24}},"type":"default-arg","locations":[{"start":{"line":22,"column":12},"end":{"line":22,"column":24}}],"line":22},"1":{"loc":{"start":{"line":25,"column":4},"end":{"line":59,"column":5}},"type":"switch","locations":[{"start":{"line":26,"column":8},"end":{"line":34,"column":9}},{"start":{"line":35,"column":8},"end":{"line":44,"column":9}},{"start":{"line":45,"column":8},"end":{"line":50,"column":9}},{"start":{"line":51,"column":8},"end":{"line":56,"column":9}},{"start":{"line":57,"column":8},"end":{"line":58,"column":24}}],"line":25},"2":{"loc":{"start":{"line":30,"column":20},"end":{"line":32,"column":43}},"type":"cond-expr","locations":[{"start":{"line":31,"column":26},"end":{"line":31,"column":75}},{"start":{"line":32,"column":26},"end":{"line":32,"column":43}}],"line":30},"3":{"loc":{"start":{"line":48,"column":21},"end":{"line":48,"column":62}},"type":"cond-expr","locations":[{"start":{"line":48,"column":36},"end":{"line":48,"column":50}},{"start":{"line":48,"column":53},"end":{"line":48,"column":62}}],"line":48}},"s":{"0":1,"1":1,"2":11,"3":1,"4":1,"5":0,"6":1,"7":1,"8":7},"f":{"0":11,"1":0},"b":{"0":[1],"1":[1,1,1,1,7],"2":[1,0],"3":[1,0]},"_coverageSchema":"1a1c01bbd47fc00a2c39e90264f33305004495a9","hash":"146ded8ae91745bb6a7c1fad13039305dddfef84"}
,"D:\\Рабочий стол\\Study\\For myself\\js\\Яндекс Практикум\\React-Burger\\src\\services\\reducers\\index-reducer\\index.ts": {"path":"D:\\Рабочий стол\\Study\\For myself\\js\\Яндекс Практикум\\React-Burger\\src\\services\\reducers\\index-reducer\\index.ts","statementMap":{"0":{"start":{"line":10,"column":27},"end":{"line":18,"column":2}}},"fnMap":{},"branchMap":{},"s":{"0":0},"f":{},"b":{}}
,"D:\\Рабочий стол\\Study\\For myself\\js\\Яндекс Практикум\\React-Burger\\src\\services\\reducers\\ingredients-reducer\\ingredients-reducer.ts": {"path":"D:\\Рабочий стол\\Study\\For myself\\js\\Яндекс Практикум\\React-Burger\\src\\services\\reducers\\ingredients-reducer\\ingredients-reducer.ts","statementMap":{"0":{"start":{"line":19,"column":36},"end":{"line":23,"column":1}},"1":{"start":{"line":25,"column":34},"end":{"line":138,"column":1}},"2":{"start":{"line":30,"column":4},"end":{"line":137,"column":5}},"3":{"start":{"line":32,"column":12},"end":{"line":35,"column":13}},"4":{"start":{"line":38,"column":12},"end":{"line":42,"column":13}},"5":{"start":{"line":45,"column":12},"end":{"line":49,"column":13}},"6":{"start":{"line":52,"column":12},"end":{"line":71,"column":13}},"7":{"start":{"line":59,"column":43},"end":{"line":59,"column":47}},"8":{"start":{"line":60,"column":24},"end":{"line":63,"column":25}},"9":{"start":{"line":61,"column":28},"end":{"line":61,"column":48}},"10":{"start":{"line":62,"column":28},"end":{"line":62,"column":45}},"11":{"start":{"line":64,"column":24},"end":{"line":67,"column":25}},"12":{"start":{"line":65,"column":28},"end":{"line":65,"column":48}},"13":{"start":{"line":66,"column":28},"end":{"line":66,"column":45}},"14":{"start":{"line":68,"column":24},"end":{"line":68,"column":41}},"15":{"start":{"line":75,"column":12},"end":{"line":95,"column":13}},"16":{"start":{"line":82,"column":43},"end":{"line":82,"column":47}},"17":{"start":{"line":83,"column":24},"end":{"line":91,"column":25}},"18":{"start":{"line":84,"column":28},"end":{"line":87,"column":29}},"19":{"start":{"line":85,"column":32},"end":{"line":85,"column":52}},"20":{"start":{"line":86,"column":32},"end":{"line":86,"column":49}},"21":{"start":{"line":89,"column":28},"end":{"line":89,"column":49}},"22":{"start":{"line":90,"column":28},"end":{"line":90,"column":45}},"23":{"start":{"line":92,"column":24},"end":{"line":92,"column":41}},"24":{"start":{"line":98,"column":12},"end":{"line":118,"column":13}},"25":{"start":{"line":105,"column":43},"end":{"line":105,"column":47}},"26":{"start":{"line":106,"column":24},"end":{"line":114,"column":25}},"27":{"start":{"line":107,"column":28},"end":{"line":110,"column":29}},"28":{"start":{"line":108,"column":32},"end":{"line":108,"column":52}},"29":{"start":{"line":109,"column":32},"end":{"line":109,"column":49}},"30":{"start":{"line":112,"column":28},"end":{"line":112,"column":49}},"31":{"start":{"line":113,"column":28},"end":{"line":113,"column":45}},"32":{"start":{"line":115,"column":24},"end":{"line":115,"column":41}},"33":{"start":{"line":121,"column":12},"end":{"line":133,"column":13}},"34":{"start":{"line":128,"column":43},"end":{"line":128,"column":47}},"35":{"start":{"line":129,"column":24},"end":{"line":129,"column":44}},"36":{"start":{"line":130,"column":24},"end":{"line":130,"column":41}},"37":{"start":{"line":136,"column":12},"end":{"line":136,"column":24}}},"fnMap":{"0":{"name":"(anonymous_0)","decl":{"start":{"line":25,"column":34},"end":{"line":25,"column":35}},"loc":{"start":{"line":29,"column":13},"end":{"line":138,"column":1}},"line":29},"1":{"name":"(anonymous_1)","decl":{"start":{"line":58,"column":42},"end":{"line":58,"column":43}},"loc":{"start":{"line":58,"column":52},"end":{"line":69,"column":21}},"line":58},"2":{"name":"(anonymous_2)","decl":{"start":{"line":81,"column":42},"end":{"line":81,"column":43}},"loc":{"start":{"line":81,"column":52},"end":{"line":93,"column":21}},"line":81},"3":{"name":"(anonymous_3)","decl":{"start":{"line":104,"column":42},"end":{"line":104,"column":43}},"loc":{"start":{"line":104,"column":52},"end":{"line":116,"column":21}},"line":104},"4":{"name":"(anonymous_4)","decl":{"start":{"line":127,"column":42},"end":{"line":127,"column":43}},"loc":{"start":{"line":127,"column":52},"end":{"line":131,"column":21}},"line":127}},"branchMap":{"0":{"loc":{"start":{"line":27,"column":4},"end":{"line":27,"column":24}},"type":"default-arg","locations":[{"start":{"line":27,"column":12},"end":{"line":27,"column":24}}],"line":27},"1":{"loc":{"start":{"line":30,"column":4},"end":{"line":137,"column":5}},"type":"switch","locations":[{"start":{"line":31,"column":8},"end":{"line":36,"column":9}},{"start":{"line":37,"column":8},"end":{"line":43,"column":9}},{"start":{"line":44,"column":8},"end":{"line":50,"column":9}},{"start":{"line":51,"column":8},"end":{"line":72,"column":9}},{"start":{"line":74,"column":8},"end":{"line":96,"column":9}},{"start":{"line":97,"column":8},"end":{"line":119,"column":9}},{"start":{"line":120,"column":8},"end":{"line":134,"column":9}},{"start":{"line":135,"column":8},"end":{"line":136,"column":24}}],"line":30},"2":{"loc":{"start":{"line":60,"column":24},"end":{"line":63,"column":25}},"type":"if","locations":[{"start":{"line":60,"column":24},"end":{"line":63,"column":25}},{"start":{},"end":{}}],"line":60},"3":{"loc":{"start":{"line":64,"column":24},"end":{"line":67,"column":25}},"type":"if","locations":[{"start":{"line":64,"column":24},"end":{"line":67,"column":25}},{"start":{},"end":{}}],"line":64},"4":{"loc":{"start":{"line":83,"column":24},"end":{"line":91,"column":25}},"type":"if","locations":[{"start":{"line":83,"column":24},"end":{"line":91,"column":25}},{"start":{},"end":{}}],"line":83},"5":{"loc":{"start":{"line":84,"column":28},"end":{"line":87,"column":29}},"type":"if","locations":[{"start":{"line":84,"column":28},"end":{"line":87,"column":29}},{"start":{},"end":{}}],"line":84},"6":{"loc":{"start":{"line":106,"column":24},"end":{"line":114,"column":25}},"type":"if","locations":[{"start":{"line":106,"column":24},"end":{"line":114,"column":25}},{"start":{},"end":{}}],"line":106},"7":{"loc":{"start":{"line":107,"column":28},"end":{"line":110,"column":29}},"type":"if","locations":[{"start":{"line":107,"column":28},"end":{"line":110,"column":29}},{"start":{},"end":{}}],"line":107}},"s":{"0":1,"1":1,"2":9,"3":2,"4":1,"5":1,"6":0,"7":0,"8":0,"9":0,"10":0,"11":0,"12":0,"13":0,"14":0,"15":0,"16":0,"17":0,"18":0,"19":0,"20":0,"21":0,"22":0,"23":0,"24":0,"25":0,"26":0,"27":0,"28":0,"29":0,"30":0,"31":0,"32":0,"33":0,"34":0,"35":0,"36":0,"37":5},"f":{"0":9,"1":0,"2":0,"3":0,"4":0},"b":{"0":[1],"1":[2,1,1,0,0,0,0,5],"2":[0,0],"3":[0,0],"4":[0,0],"5":[0,0],"6":[0,0],"7":[0,0]},"_coverageSchema":"1a1c01bbd47fc00a2c39e90264f33305004495a9","hash":"329de387538d95102d09e6d69d9618bdc2933612"}
,"D:\\Рабочий стол\\Study\\For myself\\js\\Яндекс Практикум\\React-Burger\\src\\services\\reducers\\order-info-reducer\\order-info-reducer.ts": {"path":"D:\\Рабочий стол\\Study\\For myself\\js\\Яндекс Практикум\\React-Burger\\src\\services\\reducers\\order-info-reducer\\order-info-reducer.ts","statementMap":{"0":{"start":{"line":13,"column":45},"end":{"line":16,"column":1}},"1":{"start":{"line":18,"column":32},"end":{"line":37,"column":1}},"2":{"start":{"line":23,"column":4},"end":{"line":36,"column":5}},"3":{"start":{"line":25,"column":12},"end":{"line":28,"column":13}},"4":{"start":{"line":30,"column":12},"end":{"line":33,"column":13}},"5":{"start":{"line":35,"column":12},"end":{"line":35,"column":24}}},"fnMap":{"0":{"name":"(anonymous_0)","decl":{"start":{"line":18,"column":32},"end":{"line":18,"column":33}},"loc":{"start":{"line":22,"column":22},"end":{"line":37,"column":1}},"line":22}},"branchMap":{"0":{"loc":{"start":{"line":20,"column":4},"end":{"line":20,"column":24}},"type":"default-arg","locations":[{"start":{"line":20,"column":12},"end":{"line":20,"column":24}}],"line":20},"1":{"loc":{"start":{"line":23,"column":4},"end":{"line":36,"column":5}},"type":"switch","locations":[{"start":{"line":24,"column":8},"end":{"line":28,"column":13}},{"start":{"line":29,"column":8},"end":{"line":33,"column":13}},{"start":{"line":34,"column":8},"end":{"line":35,"column":24}}],"line":23}},"s":{"0":1,"1":1,"2":7,"3":2,"4":0,"5":5},"f":{"0":7},"b":{"0":[1],"1":[2,0,5]},"_coverageSchema":"1a1c01bbd47fc00a2c39e90264f33305004495a9","hash":"1fe9f5718c539ccb2bf7a7d61dc4b434eb1a6443"}
,"D:\\Рабочий стол\\Study\\For myself\\js\\Яндекс Практикум\\React-Burger\\src\\services\\reducers\\order-reducer\\order-reducer.ts": {"path":"D:\\Рабочий стол\\Study\\For myself\\js\\Яндекс Практикум\\React-Burger\\src\\services\\reducers\\order-reducer\\order-reducer.ts","statementMap":{"0":{"start":{"line":15,"column":36},"end":{"line":19,"column":1}},"1":{"start":{"line":21,"column":28},"end":{"line":57,"column":1}},"2":{"start":{"line":26,"column":4},"end":{"line":56,"column":5}},"3":{"start":{"line":28,"column":12},"end":{"line":31,"column":13}},"4":{"start":{"line":34,"column":12},"end":{"line":38,"column":13}},"5":{"start":{"line":41,"column":12},"end":{"line":46,"column":13}},"6":{"start":{"line":49,"column":12},"end":{"line":52,"column":13}},"7":{"start":{"line":55,"column":12},"end":{"line":55,"column":24}}},"fnMap":{"0":{"name":"(anonymous_0)","decl":{"start":{"line":21,"column":28},"end":{"line":21,"column":29}},"loc":{"start":{"line":25,"column":13},"end":{"line":57,"column":1}},"line":25}},"branchMap":{"0":{"loc":{"start":{"line":23,"column":4},"end":{"line":23,"column":24}},"type":"default-arg","locations":[{"start":{"line":23,"column":12},"end":{"line":23,"column":24}}],"line":23},"1":{"loc":{"start":{"line":26,"column":4},"end":{"line":56,"column":5}},"type":"switch","locations":[{"start":{"line":27,"column":8},"end":{"line":32,"column":9}},{"start":{"line":33,"column":8},"end":{"line":39,"column":9}},{"start":{"line":40,"column":8},"end":{"line":47,"column":9}},{"start":{"line":48,"column":8},"end":{"line":53,"column":9}},{"start":{"line":54,"column":8},"end":{"line":55,"column":24}}],"line":26}},"s":{"0":1,"1":1,"2":11,"3":2,"4":1,"5":1,"6":1,"7":6},"f":{"0":11},"b":{"0":[1],"1":[2,1,1,1,6]},"_coverageSchema":"1a1c01bbd47fc00a2c39e90264f33305004495a9","hash":"13a86eebf87a6d59e8ac98eb77749eaccf4326d9"}
,"D:\\Рабочий стол\\Study\\For myself\\js\\Яндекс Практикум\\React-Burger\\src\\utils\\burger-api.ts": {"path":"D:\\Рабочий стол\\Study\\For myself\\js\\Яндекс Практикум\\React-Burger\\src\\utils\\burger-api.ts","statementMap":{"0":{"start":{"line":8,"column":33},"end":{"line":8,"column":72}},"1":{"start":{"line":10,"column":29},"end":{"line":11,"column":52}},"2":{"start":{"line":11,"column":4},"end":{"line":11,"column":52}},"3":{"start":{"line":13,"column":30},"end":{"line":20,"column":1}},"4":{"start":{"line":14,"column":4},"end":{"line":19,"column":5}},"5":{"start":{"line":15,"column":20},"end":{"line":15,"column":59}},"6":{"start":{"line":16,"column":8},"end":{"line":16,"column":60}},"7":{"start":{"line":18,"column":8},"end":{"line":18,"column":46}},"8":{"start":{"line":22,"column":25},"end":{"line":43,"column":1}},"9":{"start":{"line":25,"column":4},"end":{"line":42,"column":5}},"10":{"start":{"line":26,"column":20},"end":{"line":38,"column":9}},"11":{"start":{"line":39,"column":8},"end":{"line":39,"column":60}},"12":{"start":{"line":41,"column":8},"end":{"line":41,"column":46}},"13":{"start":{"line":45,"column":30},"end":{"line":56,"column":1}},"14":{"start":{"line":46,"column":4},"end":{"line":55,"column":5}},"15":{"start":{"line":47,"column":20},"end":{"line":51,"column":10}},"16":{"start":{"line":52,"column":8},"end":{"line":52,"column":54}},"17":{"start":{"line":54,"column":8},"end":{"line":54,"column":46}},"18":{"start":{"line":58,"column":28},"end":{"line":67,"column":29}},"19":{"start":{"line":59,"column":4},"end":{"line":67,"column":29}},"20":{"start":{"line":69,"column":32},"end":{"line":93,"column":1}},"21":{"start":{"line":73,"column":4},"end":{"line":92,"column":5}},"22":{"start":{"line":74,"column":20},"end":{"line":74,"column":45}},"23":{"start":{"line":75,"column":8},"end":{"line":75,"column":39}},"24":{"start":{"line":77,"column":20},"end":{"line":77,"column":34}},"25":{"start":{"line":78,"column":8},"end":{"line":90,"column":9}},"26":{"start":{"line":79,"column":32},"end":{"line":79,"column":67}},"27":{"start":{"line":80,"column":12},"end":{"line":82,"column":13}},"28":{"start":{"line":81,"column":16},"end":{"line":81,"column":50}},"29":{"start":{"line":83,"column":12},"end":{"line":83,"column":74}},"30":{"start":{"line":84,"column":12},"end":{"line":84,"column":72}},"31":{"start":{"line":87,"column":12},"end":{"line":87,"column":67}},"32":{"start":{"line":88,"column":24},"end":{"line":88,"column":49}},"33":{"start":{"line":89,"column":12},"end":{"line":89,"column":60}},"34":{"start":{"line":91,"column":8},"end":{"line":91,"column":34}}},"fnMap":{"0":{"name":"(anonymous_0)","decl":{"start":{"line":10,"column":29},"end":{"line":10,"column":30}},"loc":{"start":{"line":11,"column":4},"end":{"line":11,"column":52}},"line":11},"1":{"name":"(anonymous_1)","decl":{"start":{"line":13,"column":30},"end":{"line":13,"column":31}},"loc":{"start":{"line":13,"column":72},"end":{"line":20,"column":1}},"line":13},"2":{"name":"(anonymous_2)","decl":{"start":{"line":22,"column":25},"end":{"line":22,"column":26}},"loc":{"start":{"line":24,"column":35},"end":{"line":43,"column":1}},"line":24},"3":{"name":"(anonymous_3)","decl":{"start":{"line":45,"column":30},"end":{"line":45,"column":31}},"loc":{"start":{"line":45,"column":79},"end":{"line":56,"column":1}},"line":45},"4":{"name":"(anonymous_4)","decl":{"start":{"line":58,"column":28},"end":{"line":58,"column":29}},"loc":{"start":{"line":59,"column":4},"end":{"line":67,"column":29}},"line":59},"5":{"name":"(anonymous_5)","decl":{"start":{"line":69,"column":32},"end":{"line":69,"column":33}},"loc":{"start":{"line":72,"column":53},"end":{"line":93,"column":1}},"line":72}},"branchMap":{"0":{"loc":{"start":{"line":11,"column":4},"end":{"line":11,"column":52}},"type":"cond-expr","locations":[{"start":{"line":11,"column":13},"end":{"line":11,"column":23}},{"start":{"line":11,"column":26},"end":{"line":11,"column":52}}],"line":11},"1":{"loc":{"start":{"line":78,"column":8},"end":{"line":90,"column":9}},"type":"if","locations":[{"start":{"line":78,"column":8},"end":{"line":90,"column":9}},{"start":{},"end":{}}],"line":78},"2":{"loc":{"start":{"line":80,"column":12},"end":{"line":82,"column":13}},"type":"if","locations":[{"start":{"line":80,"column":12},"end":{"line":82,"column":13}},{"start":{},"end":{}}],"line":80}},"s":{"0":4,"1":4,"2":11,"3":4,"4":2,"5":2,"6":1,"7":1,"8":4,"9":2,"10":2,"11":1,"12":1,"13":4,"14":0,"15":0,"16":0,"17":0,"18":4,"19":0,"20":4,"21":14,"22":14,"23":7,"24":7,"25":7,"26":0,"27":0,"28":0,"29":0,"30":0,"31":0,"32":0,"33":0,"34":0},"f":{"0":11,"1":2,"2":2,"3":0,"4":0,"5":14},"b":{"0":[10,1],"1":[0,0],"2":[0,0]},"_coverageSchema":"1a1c01bbd47fc00a2c39e90264f33305004495a9","hash":"562dbb6f53e98ceabea5a4d74d6dfbdf70ac4999"}
,"D:\\Рабочий стол\\Study\\For myself\\js\\Яндекс Практикум\\React-Burger\\src\\utils\\types.ts": {"path":"D:\\Рабочий стол\\Study\\For myself\\js\\Яндекс Практикум\\React-Burger\\src\\utils\\types.ts","statementMap":{},"fnMap":{},"branchMap":{},"s":{},"f":{},"b":{}}
}
