TN:
SF:src\store.ts
FNF:0
FNH:0
DA:23,0
DA:32,0
DA:55,0
DA:56,0
LF:4
LH:0
BRF:0
BRH:0
end_of_record
TN:
SF:src\services\actions\burger-constructor-action.ts
FNF:0
FNH:0
DA:4,1
DA:6,1
DA:8,1
DA:9,1
LF:4
LH:4
BRF:0
BRH:0
end_of_record
TN:
SF:src\services\actions\order-info-action.ts
FNF:0
FNH:0
DA:1,1
DA:2,1
LF:2
LH:2
BRF:0
BRH:0
end_of_record
TN:
SF:src\services\actions\auth-action\auth-action.ts
FNF:0
FNH:0
DA:3,1
DA:4,1
DA:5,1
DA:6,1
DA:7,1
DA:9,1
LF:6
LH:6
BRF:0
BRH:0
end_of_record
TN:
SF:src\services\actions\auth-action\auth-thunk.ts
FN:13,(anonymous_0)
FN:13,(anonymous_1)
FN:25,(anonymous_2)
FN:33,(anonymous_3)
FN:40,(anonymous_4)
FN:40,(anonymous_5)
FN:46,(anonymous_6)
FN:51,(anonymous_7)
FN:58,(anonymous_8)
FN:59,(anonymous_9)
FN:72,(anonymous_10)
FN:91,(anonymous_11)
FN:99,(anonymous_12)
FN:100,(anonymous_13)
FN:113,(anonymous_14)
FN:132,(anonymous_15)
FN:140,(anonymous_16)
FN:141,(anonymous_17)
FN:156,(anonymous_18)
FN:163,(anonymous_19)
FN:173,(anonymous_20)
FN:173,(anonymous_21)
FN:186,(anonymous_22)
FN:191,(anonymous_23)
FN:199,(anonymous_24)
FN:200,(anonymous_25)
FN:213,(anonymous_26)
FN:222,(anonymous_27)
FN:230,(anonymous_28)
FN:231,(anonymous_29)
FN:244,(anonymous_30)
FN:252,(anonymous_31)
FNF:32
FNH:28
FNDA:2,(anonymous_0)
FNDA:2,(anonymous_1)
FNDA:1,(anonymous_2)
FNDA:1,(anonymous_3)
FNDA:0,(anonymous_4)
FNDA:0,(anonymous_5)
FNDA:0,(anonymous_6)
FNDA:0,(anonymous_7)
FNDA:2,(anonymous_8)
FNDA:2,(anonymous_9)
FNDA:1,(anonymous_10)
FNDA:1,(anonymous_11)
FNDA:2,(anonymous_12)
FNDA:2,(anonymous_13)
FNDA:1,(anonymous_14)
FNDA:1,(anonymous_15)
FNDA:2,(anonymous_16)
FNDA:2,(anonymous_17)
FNDA:1,(anonymous_18)
FNDA:1,(anonymous_19)
FNDA:2,(anonymous_20)
FNDA:2,(anonymous_21)
FNDA:1,(anonymous_22)
FNDA:1,(anonymous_23)
FNDA:2,(anonymous_24)
FNDA:2,(anonymous_25)
FNDA:1,(anonymous_26)
FNDA:1,(anonymous_27)
FNDA:2,(anonymous_28)
FNDA:2,(anonymous_29)
FNDA:1,(anonymous_30)
FNDA:1,(anonymous_31)
DA:13,2
DA:14,2
DA:17,2
DA:24,2
DA:26,1
DA:27,1
DA:34,1
DA:40,1
DA:41,0
DA:44,0
DA:45,0
DA:47,0
DA:48,0
DA:49,0
DA:51,0
DA:53,0
DA:58,1
DA:59,2
DA:60,2
DA:63,2
DA:71,2
DA:73,1
DA:74,1
DA:78,1
DA:79,1
DA:80,1
DA:84,1
DA:92,1
DA:99,1
DA:100,2
DA:101,2
DA:104,2
DA:112,2
DA:114,1
DA:115,1
DA:119,1
DA:120,1
DA:121,1
DA:125,1
DA:133,1
DA:140,1
DA:141,2
DA:142,2
DA:145,2
DA:155,2
DA:157,1
DA:158,1
DA:164,1
DA:168,2
DA:169,2
DA:173,2
DA:174,2
DA:177,2
DA:185,2
DA:187,1
DA:192,1
DA:199,1
DA:200,2
DA:201,2
DA:204,2
DA:212,2
DA:214,1
DA:217,1
DA:223,1
DA:230,1
DA:231,2
DA:232,2
DA:235,2
DA:243,2
DA:245,1
DA:246,1
DA:253,1
LF:72
LH:64
BRDA:26,0,0,1
BRDA:26,0,1,0
BRDA:26,1,0,1
BRDA:26,1,1,1
BRDA:44,2,0,0
BRDA:44,2,1,0
BRDA:73,3,0,1
BRDA:73,3,1,0
BRDA:73,4,0,1
BRDA:73,4,1,1
BRDA:79,5,0,1
BRDA:79,5,1,0
BRDA:114,6,0,1
BRDA:114,6,1,0
BRDA:114,7,0,1
BRDA:114,7,1,1
BRDA:120,8,0,1
BRDA:120,8,1,0
BRDA:157,9,0,1
BRDA:157,9,1,0
BRDA:157,10,0,1
BRDA:157,10,1,1
BRDA:245,11,0,1
BRDA:245,11,1,0
BRDA:245,12,0,1
BRDA:245,12,1,1
BRF:26
BRH:17
end_of_record
TN:
SF:src\services\actions\ingredients-action\ingredients-thunk.ts
FN:9,(anonymous_0)
FN:9,(anonymous_1)
FN:14,(anonymous_2)
FN:21,(anonymous_3)
FNF:4
FNH:4
FNDA:2,(anonymous_0)
FNDA:2,(anonymous_1)
FNDA:1,(anonymous_2)
FNDA:1,(anonymous_3)
DA:9,2
DA:10,2
DA:13,2
DA:15,1
DA:16,1
DA:22,1
LF:6
LH:6
BRDA:15,0,0,1
BRDA:15,0,1,0
BRDA:15,1,0,1
BRDA:15,1,1,1
BRF:4
BRH:3
end_of_record
TN:
SF:src\services\actions\order-action\order-action.ts
FNF:0
FNH:0
DA:2,1
DA:3,1
DA:4,1
DA:6,1
LF:4
LH:4
BRF:0
BRH:0
end_of_record
TN:
SF:src\services\actions\order-action\order-thunk.ts
FN:10,(anonymous_0)
FN:11,(anonymous_1)
FN:16,(anonymous_2)
FN:23,(anonymous_3)
FNF:4
FNH:4
FNDA:2,(anonymous_0)
FNDA:2,(anonymous_1)
FNDA:1,(anonymous_2)
FNDA:1,(anonymous_3)
DA:10,1
DA:11,2
DA:12,2
DA:15,2
DA:17,1
DA:18,1
DA:24,1
LF:7
LH:7
BRDA:17,0,0,1
BRDA:17,0,1,0
BRDA:17,1,0,1
BRDA:17,1,1,1
BRF:4
BRH:3
end_of_record
TN:
SF:src\services\reducers\WS-auth-reducer\WS-auth-reducer.ts
FN:20,(anonymous_0)
FNF:1
FNH:0
FNDA:0,(anonymous_0)
DA:15,0
DA:20,0
DA:25,0
DA:27,0
DA:33,0
DA:39,0
DA:45,0
DA:50,0
LF:8
LH:0
BRDA:22,0,0,0
BRDA:25,1,0,0
BRDA:25,1,1,0
BRDA:25,1,2,0
BRDA:25,1,3,0
BRDA:25,1,4,0
BRF:6
BRH:0
end_of_record
TN:
SF:src\services\reducers\WS-reducer\WS-reducer.ts
FN:24,(anonymous_0)
FNF:1
FNH:0
FNDA:0,(anonymous_0)
DA:17,0
DA:24,0
DA:29,0
DA:31,0
DA:37,0
DA:43,0
DA:49,0
DA:56,0
LF:8
LH:0
BRDA:26,0,0,0
BRDA:29,1,0,0
BRDA:29,1,1,0
BRDA:29,1,2,0
BRDA:29,1,3,0
BRDA:29,1,4,0
BRF:6
BRH:0
end_of_record
TN:
SF:src\services\reducers\auth-reducer\auth-reducer.ts
FN:28,(anonymous_0)
FNF:1
FNH:1
FNDA:48,(anonymous_0)
DA:20,1
DA:28,1
DA:33,48
DA:35,15
DA:41,4
DA:50,7
DA:57,2
DA:65,2
DA:72,0
DA:78,18
LF:10
LH:9
BRDA:30,0,0,2
BRDA:33,1,0,15
BRDA:33,1,1,4
BRDA:33,1,2,7
BRDA:33,1,3,2
BRDA:33,1,4,2
BRDA:33,1,5,0
BRDA:33,1,6,18
BRF:8
BRH:7
end_of_record
TN:
SF:src\services\reducers\burger-constructor-reducer\burger-constructor-reducer.ts
FN:20,(anonymous_0)
FN:40,(anonymous_1)
FNF:2
FNH:1
FNDA:11,(anonymous_0)
FNDA:0,(anonymous_1)
DA:15,1
DA:20,1
DA:25,11
DA:27,1
DA:36,1
DA:40,0
DA:46,1
DA:52,1
DA:58,7
LF:9
LH:8
BRDA:22,0,0,1
BRDA:25,1,0,1
BRDA:25,1,1,1
BRDA:25,1,2,1
BRDA:25,1,3,1
BRDA:25,1,4,7
BRDA:30,2,0,1
BRDA:30,2,1,0
BRDA:48,3,0,1
BRDA:48,3,1,0
BRF:10
BRH:8
end_of_record
TN:
SF:src\services\reducers\index-reducer\index.ts
FNF:0
FNH:0
DA:10,0
LF:1
LH:0
BRF:0
BRH:0
end_of_record
TN:
SF:src\services\reducers\ingredients-reducer\ingredients-reducer.ts
FN:25,(anonymous_0)
FN:58,(anonymous_1)
FN:81,(anonymous_2)
FN:104,(anonymous_3)
FN:127,(anonymous_4)
FNF:5
FNH:1
FNDA:9,(anonymous_0)
FNDA:0,(anonymous_1)
FNDA:0,(anonymous_2)
FNDA:0,(anonymous_3)
FNDA:0,(anonymous_4)
DA:19,1
DA:25,1
DA:30,9
DA:32,2
DA:38,1
DA:45,1
DA:52,0
DA:59,0
DA:60,0
DA:61,0
DA:62,0
DA:64,0
DA:65,0
DA:66,0
DA:68,0
DA:75,0
DA:82,0
DA:83,0
DA:84,0
DA:85,0
DA:86,0
DA:89,0
DA:90,0
DA:92,0
DA:98,0
DA:105,0
DA:106,0
DA:107,0
DA:108,0
DA:109,0
DA:112,0
DA:113,0
DA:115,0
DA:121,0
DA:128,0
DA:129,0
DA:130,0
DA:136,5
LF:38
LH:7
BRDA:27,0,0,1
BRDA:30,1,0,2
BRDA:30,1,1,1
BRDA:30,1,2,1
BRDA:30,1,3,0
BRDA:30,1,4,0
BRDA:30,1,5,0
BRDA:30,1,6,0
BRDA:30,1,7,5
BRDA:60,2,0,0
BRDA:60,2,1,0
BRDA:64,3,0,0
BRDA:64,3,1,0
BRDA:83,4,0,0
BRDA:83,4,1,0
BRDA:84,5,0,0
BRDA:84,5,1,0
BRDA:106,6,0,0
BRDA:106,6,1,0
BRDA:107,7,0,0
BRDA:107,7,1,0
BRF:21
BRH:5
end_of_record
TN:
SF:src\services\reducers\order-info-reducer\order-info-reducer.ts
FN:18,(anonymous_0)
FNF:1
FNH:1
FNDA:7,(anonymous_0)
DA:13,1
DA:18,1
DA:23,7
DA:25,2
DA:30,0
DA:35,5
LF:6
LH:5
BRDA:20,0,0,1
BRDA:23,1,0,2
BRDA:23,1,1,0
BRDA:23,1,2,5
BRF:4
BRH:3
end_of_record
TN:
SF:src\services\reducers\order-reducer\order-reducer.ts
FN:21,(anonymous_0)
FNF:1
FNH:1
FNDA:11,(anonymous_0)
DA:15,1
DA:21,1
DA:26,11
DA:28,2
DA:34,1
DA:41,1
DA:49,1
DA:55,6
LF:8
LH:8
BRDA:23,0,0,1
BRDA:26,1,0,2
BRDA:26,1,1,1
BRDA:26,1,2,1
BRDA:26,1,3,1
BRDA:26,1,4,6
BRF:6
BRH:6
end_of_record
TN:
SF:src\utils\burger-api.ts
FN:10,(anonymous_0)
FN:13,(anonymous_1)
FN:22,(anonymous_2)
FN:45,(anonymous_3)
FN:58,(anonymous_4)
FN:69,(anonymous_5)
FNF:6
FNH:4
FNDA:11,(anonymous_0)
FNDA:2,(anonymous_1)
FNDA:2,(anonymous_2)
FNDA:0,(anonymous_3)
FNDA:0,(anonymous_4)
FNDA:14,(anonymous_5)
DA:8,4
DA:10,4
DA:11,11
DA:13,4
DA:14,2
DA:15,2
DA:16,1
DA:18,1
DA:22,4
DA:25,2
DA:26,2
DA:39,1
DA:41,1
DA:45,4
DA:46,0
DA:47,0
DA:52,0
DA:54,0
DA:58,4
DA:59,0
DA:69,4
DA:73,14
DA:74,14
DA:75,7
DA:77,7
DA:78,7
DA:79,0
DA:80,0
DA:81,0
DA:83,0
DA:84,0
DA:87,0
DA:88,0
DA:89,0
DA:91,0
LF:35
LH:21
BRDA:11,0,0,10
BRDA:11,0,1,1
BRDA:78,1,0,0
BRDA:78,1,1,0
BRDA:80,2,0,0
BRDA:80,2,1,0
BRF:6
BRH:2
end_of_record
TN:
SF:src\utils\types.ts
FNF:0
FNH:0
LF:0
LH:0
BRF:0
BRH:0
end_of_record
